<?xml version="1.0" encoding="UTF-8"?>
<testsuite name="com.bridgelabz.MoodAnalyzerTest" tests="4" skipped="0" failures="0" errors="0" timestamp="2022-07-12T19:24:29" hostname="KISALAY" time="0.024">
  <properties/>
  <testcase name="testMoodAnalysis_whenMoodIsHappy()" classname="com.bridgelabz.MoodAnalyzerTest" time="0.018"/>
  <testcase name="testMoodAnalysis_whenMoodIsSad()" classname="com.bridgelabz.MoodAnalyzerTest" time="0.001"/>
  <testcase name="testMoodAnalysis_whenMoodIsEmpty_ShouldThrowException()" classname="com.bridgelabz.MoodAnalyzerTest" time="0.003"/>
  <testcase name="testMoodAnalysis_whenMoodIsNull_ShouldThrowException()" classname="com.bridgelabz.MoodAnalyzerTest" time="0.001"/>
  <system-out><![CDATA[com.bridgelabz.MoodAnalysisException: Please enter proper message!
ENTERED_EMPTY
]]></system-out>
  <system-err><![CDATA[]]></system-err>
</testsuite>
