<?xml version="1.0" encoding="UTF-8"?>
<testsuite name="com.bridgelabz.MoodAnalyzerTest" tests="2" skipped="0" failures="0" errors="0" timestamp="2022-07-12T19:00:50" hostname="KISALAY" time="0.056">
  <properties/>
  <testcase name="testMoodAnalysis_whenMoodIsHappy()" classname="com.bridgelabz.MoodAnalyzerTest" time="0.054"/>
  <testcase name="testMoodAnalysis_whenMoodIsSad()" classname="com.bridgelabz.MoodAnalyzerTest" time="0.001"/>
  <system-out><![CDATA[]]></system-out>
  <system-err><![CDATA[]]></system-err>
</testsuite>
